2025-01-17 08:13:59,423:INFO:Email sent to tori.petite@roberthalf.com
2025-01-17 08:14:00,344:INFO:Email sent to bobbie.cannon@roberthalf.com
2025-01-17 08:14:01,503:INFO:Email sent to andrea.corona@roberthalf.com
2025-01-17 08:14:02,636:INFO:Email sent to emily.doris@roberthalf.com
2025-01-17 08:14:03,646:INFO:Email sent to matthew.katz@roberthalf.com
2025-01-17 08:14:04,856:INFO:Email sent to jeanna.montague@roberthalf.com
2025-01-17 08:14:05,661:INFO:Email sent to julia.gaeta@roberthalf.com
2025-01-17 08:14:06,745:INFO:Email sent to thomas.may@roberthalf.com
2025-01-17 08:14:07,757:INFO:Email sent to jamie.sabia@roberthalf.com
2025-01-17 08:14:08,816:INFO:Email sent to lori.steiner@roberthalf.com
2025-01-17 08:14:09,886:INFO:Email sent to garrick.sims@roberthalf.com
2025-01-17 08:14:10,885:INFO:Email sent to catherine.hamilton@roberthalf.com
2025-01-17 08:14:11,816:INFO:Email sent to jesse.cohen@roberthalf.com
2025-01-17 08:14:13,168:INFO:Email sent to sarah.pickering@roberthalf.com
2025-01-17 08:14:14,290:INFO:Email sent to ashlea.landrum@roberthalf.com
2025-01-17 08:14:15,306:INFO:Email sent to riyana.dasgupta@roberthalf.com
2025-01-17 08:14:16,535:INFO:Email sent to jason.young@roberthalf.com
2025-01-17 08:14:17,657:INFO:Email sent to liz.sheehan@roberthalf.com
2025-01-17 08:14:18,665:INFO:Email sent to diana.kocovski@roberthalf.com
2025-01-17 08:14:19,640:INFO:Email sent to stephanie.allen@roberthalf.com
2025-01-17 08:14:20,636:INFO:Email sent to amber.hollander@roberthalf.com
2025-01-17 08:14:21,886:INFO:Email sent to lexi.teel@roberthalf.com
2025-01-17 08:14:22,960:INFO:Email sent to kristin.wasson@roberthalf.com
2025-01-17 08:14:24,206:INFO:Email sent to anastasia.dorohova@roberthalf.com
2025-01-17 08:14:25,248:INFO:Email sent to chris.fallow@roberthalf.com
2025-01-17 08:14:26,266:INFO:Email sent to julia.volino@roberthalf.com
2025-01-17 08:14:27,322:INFO:Email sent to stephane.goulet@roberthalf.com
2025-01-17 08:14:28,321:INFO:Email sent to catherine.halle@roberthalf.com
2025-01-17 08:14:29,603:INFO:Email sent to jelle.dejong@roberthalf.com
2025-01-17 08:14:30,874:INFO:Email sent to steve.kodsy@roberthalf.com
2025-01-17 08:14:31,697:INFO:Email sent to joseph.slattery@roberthalf.com
2025-01-17 08:14:32,882:INFO:Email sent to ankit.doshi@roberthalf.com
2025-01-17 08:14:34,003:INFO:Email sent to misti.hurd@roberthalf.com
2025-01-17 08:14:34,840:INFO:Email sent to doug.barrett@roberthalf.com
2025-01-17 08:14:35,934:INFO:Email sent to leah.schreuders@roberthalf.com
2025-01-17 08:14:36,843:INFO:Email sent to zack.ritter@roberthalf.com
2025-01-17 08:14:37,962:INFO:Email sent to remy.sirc@roberthalf.com
2025-01-17 08:14:39,468:INFO:Email sent to mary.keating@roberthalf.com
2025-01-17 08:14:40,509:INFO:Email sent to therese.grana@roberthalf.com
2025-01-17 08:14:42,135:INFO:Email sent to lesley.donnell@roberthalf.com
2025-01-17 08:14:43,178:INFO:Email sent to colleen.marquez@roberthalf.com
2025-01-17 08:14:44,007:INFO:Email sent to dana.postlewait@roberthalf.com
2025-01-17 08:14:44,861:INFO:Email sent to mike.shekhtman@roberthalf.com
2025-01-17 08:14:45,922:INFO:Email sent to andrea.higgins@roberthalf.com
2025-01-17 08:14:47,128:INFO:Email sent to miguel.matheus@roberthalf.com
2025-01-17 08:14:48,558:INFO:Email sent to tarryn.dekock@roberthalf.com
2025-01-17 08:14:49,797:INFO:Email sent to judy.bahri@roberthalf.com
2025-01-17 08:14:50,950:INFO:Email sent to laura.scott@roberthalf.com
2025-01-17 08:14:52,060:INFO:Email sent to jim.meade@roberthalf.com
2025-01-17 08:14:53,121:INFO:Email sent to nick.oswald@roberthalf.com
2025-01-17 08:14:53,982:INFO:Email sent to yodit.ayele@roberthalf.com
2025-01-17 08:20:33,390:INFO:Email sent to lakhanpalore@gmail.com
2025-01-17 08:24:04,494:INFO:Email sent to krystin.mcdermott1@peapoddigitallabs.com
2025-01-17 08:24:06,564:INFO:Email sent to casey.potter@mendix.com
2025-01-17 08:24:08,464:INFO:Email sent to quianna.c@ezgroup.com
2025-01-17 08:24:10,375:INFO:Email sent to kjeena@cargurus.com
2025-01-17 08:24:13,671:INFO:Email sent to kyle@datadoghq.com
2025-01-17 08:24:15,588:INFO:Email sent to xavier.fermin@flywire.com
2025-01-17 08:24:17,536:INFO:Email sent to adrienne@mainstay.com
2025-01-17 08:24:19,457:INFO:Email sent to khersh@hometap.com
2025-01-17 08:24:21,426:INFO:Email sent to maio.zammit@bullhorn.com
2025-01-17 08:24:23,315:INFO:Email sent to ksheher@vistaprint.com
2025-01-17 08:24:25,843:INFO:Email sent to julie.albiani@arcadiasolutions.com
2025-01-17 08:24:28,251:INFO:Email sent to brooke.wakeman@gradientai.com
2025-01-17 08:24:30,442:INFO:Email sent to bstehle@linushealth.com
2025-01-17 08:24:32,402:INFO:Email sent to angela.addison@bonterratech.com
2025-01-17 08:24:34,259:INFO:Email sent to tali.inbar@tufin.com
2025-01-17 08:24:36,686:INFO:Email sent to kristi@moov.io
2025-01-17 08:24:38,275:INFO:Email sent to talent@rapdev.io
2025-01-17 08:24:40,222:INFO:Email sent to christine.paradis@leaderbank.com
2025-01-17 08:24:42,678:INFO:Email sent to krysta.kincaid@get-carrot.com
2025-01-17 08:24:45,228:INFO:Email sent to siobhan.lydon@whoop.com
2025-01-17 08:24:47,017:INFO:Email sent to jcozzette@movableink.com
2025-01-17 08:24:49,296:INFO:Email sent to k.judkins@draftkings.com
2025-01-17 08:24:51,119:INFO:Email sent to ewillbrant@predictiveindex.com
2025-01-17 08:24:53,019:INFO:Email sent to megan.bartholdi@blueconic.com
2025-01-17 08:24:55,217:INFO:Email sent to emily.barron@centro.net
2025-01-17 08:24:57,199:INFO:Email sent to alexa.shanahan@starburst.io
2025-01-17 08:24:59,439:INFO:Email sent to emarie688@gmail.com
2025-01-17 08:25:01,304:INFO:Email sent to josh.marks@flatfile.com
2025-01-17 08:25:03,237:INFO:Email sent to chris.kuthy@bevi.co
2025-01-17 08:25:05,026:INFO:Email sent to jamal.petty@talentful.com
2025-01-17 08:25:06,965:INFO:Email sent to kcosta@evolvtechnology.com
2025-01-17 08:25:08,945:INFO:Email sent to mark_beauchamp@skillsoft.com
2025-01-17 08:25:11,562:INFO:Email sent to katherine@jellyfish.co
2025-01-17 08:25:14,281:INFO:Email sent to pcooke@novonordisk.com
2025-01-17 08:25:16,726:INFO:Email sent to romina@cloudflare.com
2025-01-17 08:25:19,603:INFO:Email sent to samantha-oakley@pluralsight.com
2025-01-17 08:25:22,138:INFO:Email sent to apasti@kyruus.com
2025-01-17 08:25:24,776:INFO:Email sent to mtan@wasabi.com
2025-01-17 08:25:26,323:INFO:Email sent to emily.g@fb.com
2025-01-17 08:25:28,804:INFO:Email sent to svitlana_pavlyk@epam.com
2025-01-17 08:25:31,171:INFO:Email sent to matt.rush@actioniq.com
2025-01-17 08:25:33,303:INFO:Email sent to gdoran@augury.com
2025-01-17 08:25:35,369:INFO:Email sent to tamra.cooper@nexthink.com
2025-01-17 08:25:37,247:INFO:Email sent to liv.ottaviano@logrocket.com
2025-01-17 08:25:39,331:INFO:Email sent to danielle.bacchiocchi@libertymutual.com
2025-01-17 08:25:41,832:INFO:Email sent to krissy.white@immuta.com
2025-01-17 08:25:43,857:INFO:Email sent to williamson@ionq.co
2025-01-17 08:25:45,801:INFO:Email sent to jessica.sanchez@babylist.com
2025-01-17 08:25:48,968:INFO:Email sent to celeste.edwards@toasttab.com
2025-01-17 08:25:51,304:INFO:Email sent to collin.evans@logicmanager.com
2025-01-17 08:25:53,723:INFO:Email sent to sarah.terlaga@himarley.com
2025-01-17 08:25:55,966:INFO:Email sent to shibani.peterson@acquia.com
2025-01-17 08:25:58,291:INFO:Email sent to victoria.mitchell@workhuman.com
2025-01-17 08:26:00,328:INFO:Email sent to erin.cashen@uplight.com
2025-01-17 08:26:02,199:INFO:Email sent to matthew.dawson@autostoresystem.com
2025-01-17 08:26:03,802:INFO:Email sent to simon.jezard@zs.com
2025-01-17 08:26:05,248:INFO:Email sent to bridget.mcmillan@schrodinger.com
2025-01-17 08:26:06,728:INFO:Email sent to ricky.corbett@fareharbor.com
2025-01-17 08:26:08,126:INFO:Email sent to katie.broz@dynatrace.com
2025-01-17 08:26:09,639:INFO:Email sent to ashley.campo@leanix.net
2025-01-17 08:26:10,920:INFO:Email sent to katherine.creamer@bos.frb.org
2025-01-17 08:26:12,257:INFO:Email sent to brooke.hoger@formlabs.com
2025-01-17 08:26:13,747:INFO:Email sent to ariana@mabl.com
2025-01-17 08:26:15,275:INFO:Email sent to brugg@vestmark.com
2025-01-17 08:26:16,715:INFO:Email sent to wes_page@rapid7.com
2025-01-17 08:26:18,235:INFO:Email sent to jchan1@chewy.com
2025-01-17 08:26:20,166:INFO:Email sent to agocken@bigtime.net
2025-01-17 08:26:21,609:INFO:Email sent to rclough@righthandrobotics.com
2025-01-17 08:26:23,877:INFO:Email sent to afulton@pointb.com
2025-01-17 08:26:25,352:INFO:Email sent to cpettit@acrisure.com
2025-01-17 08:26:27,399:INFO:Email sent to lindsay.piper@geodecapital.com
2025-01-17 08:26:28,810:INFO:Email sent to tfalco@morsecorp.com
2025-01-17 08:26:30,115:INFO:Email sent to bella.cohen@benchling.com
2025-01-17 08:26:31,616:INFO:Email sent to cross@leyton.com
2025-01-17 08:26:33,623:INFO:Email sent to mlawson@drift.com
2025-01-17 08:26:35,018:INFO:Email sent to slugdon@nasuni.com
2025-01-17 08:26:36,365:INFO:Email sent to luke.haberer@amprobotics.com
2025-01-17 08:26:37,748:INFO:Email sent to graham.gooch@1up.health
2025-01-17 08:26:39,022:INFO:Email sent to drew.clark@simplybusiness.com
2025-01-17 08:26:40,703:INFO:Email sent to ali.horowitz@profitero.com
2025-01-17 08:26:42,295:INFO:Email sent to ethan@scandit.com
2025-01-17 08:26:43,737:INFO:Email sent to nickcordon@zoneandco.com
2025-01-17 08:26:53,182:INFO:Email sent to aanderson@massmutual.com
2025-01-17 08:26:54,745:INFO:Email sent to jfrick@trialspark.com
2025-01-17 08:26:56,218:INFO:Email sent to matti@memfault.com
2025-01-17 08:26:57,631:INFO:Email sent to stephanie.widlowski@tempus.com
2025-01-17 08:26:59,018:INFO:Email sent to spartridge@cdsreg.com
2025-01-17 08:27:01,002:INFO:Email sent to tom.ferrer@veeva.com
2025-01-17 08:27:02,397:INFO:Email sent to alexandra.brody@perchhq.com
2025-01-17 08:27:03,824:INFO:Email sent to swaltemyer@affinitiv.com
2025-01-17 08:27:05,131:INFO:Email sent to jedson@redhat.com
2025-01-17 08:27:06,627:INFO:Email sent to recruiter.klaxoon@klaxoon.com
2025-01-17 08:27:08,024:INFO:Email sent to sflaherty@definitivehc.com
2025-01-17 08:27:09,739:INFO:Email sent to devin.farley@servicenow.com
2025-01-17 08:27:11,278:INFO:Email sent to aurora.lika@intersystems.com
2025-01-17 08:27:12,691:INFO:Email sent to alexis.sloane@asimov.com
2025-01-17 08:27:14,066:INFO:Email sent to michael.pirozzi@paddle.com
2025-01-17 08:27:15,548:INFO:Email sent to arlene.harris@m-files.com
2025-01-17 08:27:16,984:INFO:Email sent to russell.jones@digitalturbine.com
2025-01-17 08:27:18,498:INFO:Email sent to wlandaverde@magnite.com
2025-01-17 08:27:44,834:INFO:Email sent to sakshi.bidada@gmail.com
2025-01-17 08:33:54,369:INFO:Email sent to sakshibidada15@gmail.com
2025-01-17 08:37:50,286:INFO:Email sent to sakshibidada15@gmail.com
2025-01-21 06:49:55,720:INFO:Email sent to psingh@klimbnow.com
2025-01-21 06:49:57,147:INFO:Email sent to analogdevices@nc3.com
2025-01-21 06:49:58,278:INFO:Email sent to recruiting@cambridgecomputer.com
2025-01-21 06:49:59,331:INFO:Email sent to paula.cuozzo@techboston.com
2025-01-21 06:50:00,428:INFO:Email sent to jobs@eduporium.com
2025-01-21 06:50:01,431:INFO:Email sent to annalise.fosnight@alertinnovation.com
2025-01-21 06:50:02,555:INFO:Email sent to eric.salvador@novanta.com
2025-01-21 06:50:03,780:INFO:Email sent to hum-res-us@axis.com
2025-01-21 06:50:04,974:INFO:Email sent to scanfield@irobot.com
2025-01-21 06:50:06,057:INFO:Email sent to rose.matthews@analog.com
2025-01-21 06:50:07,229:INFO:Email sent to campus@carbonblack.com
2025-01-21 06:50:08,676:INFO:Email sent to natalia.hing@analog.com
2025-01-21 06:50:11,011:INFO:Email sent to sshankle@avatar-computing.com
2025-01-21 06:50:12,198:INFO:Email sent to kira@gearscrm.com
2025-01-21 06:50:13,225:INFO:Email sent to mm@dataev.com
2025-01-21 06:50:14,302:INFO:Email sent to jkundert@controlres.com
2025-01-21 06:50:15,236:INFO:Email sent to andrea.bianchi@novanta.com
2025-01-21 06:50:16,680:INFO:Email sent to melissa_maeder@bose.com
2025-01-21 06:50:17,850:INFO:Email sent to tmarczak@rocelec.com
2025-01-21 06:50:19,034:INFO:Email sent to kbertoldo@rocelec.com
2025-01-21 06:50:20,195:INFO:Email sent to katherine.sprague@tufin.com
2025-01-21 06:50:21,257:INFO:Email sent to marie.graichen@asmpt.com
2025-01-21 06:50:22,376:INFO:Email sent to amber.willits@maximintegrated.com
2025-01-21 06:50:23,446:INFO:Email sent to zanky.shah@axis.com
2025-01-21 06:50:24,572:INFO:Email sent to manager.portsmouth@experimac.com
2025-01-21 06:50:25,538:INFO:Email sent to jsirigiri@bridge12.com
2025-01-21 06:50:26,680:INFO:Email sent to als@innovatecha.com
2025-01-21 06:50:27,787:INFO:Email sent to fang.truong@analog.com
2025-01-21 06:50:28,777:INFO:Email sent to lgreenwood@finishlynx.com
2025-01-21 06:50:29,734:INFO:Email sent to becky_gavin@bose.com
2025-01-21 06:50:30,851:INFO:Email sent to sestevez@irobot.com
2025-01-21 06:50:32,202:INFO:Email sent to joann@pcgit.com
2025-01-21 06:50:33,199:INFO:Email sent to susan.zandrow@umb.edu
2025-01-21 06:50:34,114:INFO:Email sent to aliotta@headwallphotonics.com
2025-01-21 06:50:35,141:INFO:Email sent to ajorge@irobot.com
2025-01-21 06:50:36,521:INFO:Email sent to nick.skoczen@tufin.com
2025-01-21 06:50:37,774:INFO:Email sent to adam@fairoaksit.com
2025-01-21 06:50:38,997:INFO:Email sent to michelle.schulberg@asmpt.com
2025-01-21 06:50:39,960:INFO:Email sent to harshada@resourcesoft.com
2025-01-21 06:50:41,317:INFO:Email sent to ashley.gomula@tufin.com
2025-01-21 06:50:42,774:INFO:Email sent to len.rizzuto@testequipmentdepot.com
2025-01-21 06:50:44,046:INFO:Email sent to todd.gillick@novanta.com
2025-01-21 06:50:45,047:INFO:Email sent to jobs@techboston.com
2025-01-21 06:50:46,300:INFO:Email sent to jonathan@loudbicycle.com
2025-01-21 06:50:47,457:INFO:Email sent to parreira@seicausa.com
2025-01-21 06:50:48,464:INFO:Email sent to jinzhou.cao@analog.com
2025-01-21 06:50:49,510:INFO:Email sent to phil.harris@protocolnetworks.com
2025-01-21 06:50:50,513:INFO:Email sent to jbrown@fairoaksit.com
2025-01-21 06:50:51,585:INFO:Email sent to careers@mayflowercom.com
2025-01-21 06:50:52,698:INFO:Email sent to aarushi@trivediat.com
2025-01-21 06:50:54,006:INFO:Email sent to tstpierre@rocelec.com
2025-01-21 06:50:55,211:INFO:Email sent to sdacosta@bdsdoc.com
2025-01-21 06:50:56,380:INFO:Email sent to tracey.swana@novanta.com
2025-01-21 06:50:57,493:INFO:Email sent to deepa@resourcesoft.com
2025-01-21 06:50:58,730:INFO:Email sent to scott.barvick@dataductus.com
2025-01-21 06:50:59,694:INFO:Email sent to jordan@jetcool.com
2025-01-21 06:51:00,871:INFO:Email sent to humanresources@cnedirect.com
2025-01-21 06:51:01,966:INFO:Email sent to courtney_fay@bose.com
2025-01-21 06:51:02,918:INFO:Email sent to james.gould@pickeringtest.com
2025-01-21 06:51:04,180:INFO:Email sent to cgraves@sensata.com
2025-01-21 06:51:05,291:INFO:Email sent to dustin.gorman@prodrive-technologies.com
2025-01-21 06:51:06,275:INFO:Email sent to katie.halowack@simplisafe.com
2025-01-21 06:51:07,395:INFO:Email sent to nicholas.salem@bostonmit.com
2025-01-21 06:51:08,510:INFO:Email sent to peter.tonelli@prodrive-technologies.com
2025-01-21 06:51:09,899:INFO:Email sent to paul.guidoboni@analog.com
2025-01-21 06:51:10,915:INFO:Email sent to jtauras@teamlogicit.com
2025-01-21 06:51:11,980:INFO:Email sent to georgios.karamanis@tptechcorp.com
2025-01-21 06:51:13,294:INFO:Email sent to tim.fay@privafy.com
2025-01-21 06:51:14,355:INFO:Email sent to danm@datalyst.net
2025-01-21 06:51:15,853:INFO:Email sent to mdestefano@acs.com
2025-01-21 06:51:17,006:INFO:Email sent to jen@pison.com
2025-01-21 06:51:18,111:INFO:Email sent to dave.hebert@welsh.com
2025-01-21 06:51:19,317:INFO:Email sent to kimberly.mcneil@prodrive-technologies.com
2025-01-21 06:51:20,365:INFO:Email sent to kdelaney@rocelec.com
2025-01-21 06:51:21,389:INFO:Email sent to mmielke@headwallphotonics.com
2025-01-21 06:51:22,524:INFO:Email sent to howell@mayflowercom.com
2025-01-21 06:51:23,594:INFO:Email sent to recruiting@owllabs.com
2025-01-21 06:51:25,059:INFO:Email sent to aram@owllabs.com
2025-01-21 06:51:26,200:INFO:Email sent to leslye.garlin@apitech.com
2025-01-21 06:51:27,511:INFO:Email sent to kelsey.sundstrom@newpowerww.com
2025-01-21 06:51:28,645:INFO:Email sent to damian.crowe@savant.com
2025-01-21 06:51:29,751:INFO:Email sent to jdecesare@celerityeds.com
2025-01-21 06:51:30,845:INFO:Email sent to abaker2@irobot.com
2025-01-21 06:51:31,920:INFO:Email sent to kcosta@evolvtechnology.com
2025-01-21 06:51:33,621:INFO:Email sent to jlee@spencertech.com
2025-01-21 06:51:34,542:INFO:Email sent to mzarrella@computervault.com
2025-01-21 06:51:35,781:INFO:Email sent to thomas.kirman@simplisafe.com
2025-01-21 06:51:36,897:INFO:Email sent to dbranch@headwallphotonics.com
2025-01-21 06:51:38,037:INFO:Email sent to us.hrm@auodplus.com
2025-01-21 06:51:39,117:INFO:Email sent to jamie@simplisafe.com
2025-01-21 06:51:40,394:INFO:Email sent to j.waters@acontis.com
2025-01-21 06:51:41,935:INFO:Email sent to nneves@irobot.com
2025-01-21 06:51:43,073:INFO:Email sent to gary.sapia@analog.com
2025-01-21 06:51:44,118:INFO:Email sent to donald.loeb@protocolnetworks.com
2025-01-21 06:51:45,149:INFO:Email sent to guy.danner@solchroma.com
2025-01-21 06:51:46,369:INFO:Email sent to liz_matthews@onsetcomp.com
2025-01-21 06:51:47,672:INFO:Email sent to kiriaki.rajotte@analog.com
2025-01-21 06:51:48,964:INFO:Email sent to aroutt@techniumnetworking.com
2025-01-21 06:51:49,949:INFO:Email sent to greta.watcke@amphenol-tcs.com
2025-01-21 06:51:50,909:INFO:Email sent to teresa.marcocci@morphisec.com
2025-01-21 06:51:52,071:INFO:Email sent to lbartnik@headwallphotonics.com
